<?xml version="1.0" encoding="UTF-8"?>
<TestRun id="786277cf-d469-46b3-a8fb-e1f427f9c83d" name="bitmask@BIT7 2011-09-21 13:14:42" runUser="bit7\bitmask" xmlns="http://microsoft.com/schemas/VisualStudio/TeamTest/2010">
  <TestSettings name="Local" id="68484c3f-a1bd-4d85-b5a1-99229b1bfaa2">
    <Description>These are default test settings for a local test run.</Description>
    <Deployment enabled="false" runDeploymentRoot="bitmask_BIT7 2011-09-21 13_14_42" />
    <Execution>
      <TestTypeSpecific />
      <AgentRule name="Execution Agents">
      </AgentRule>
    </Execution>
  </TestSettings>
  <Times creation="2011-09-21T13:14:42.5410003-04:00" queuing="2011-09-21T13:14:42.6390003-04:00" start="2011-09-21T13:14:42.8550003-04:00" finish="2011-09-21T13:14:43.1790003-04:00" />
  <ResultSummary outcome="Completed">
    <Counters total="3" executed="3" passed="3" error="0" failed="0" timeout="0" aborted="0" inconclusive="0" passedButRunAborted="0" notRunnable="0" notExecuted="0" disconnected="0" warning="0" completed="0" inProgress="0" pending="0" />
  </ResultSummary>
  <TestDefinitions>
    <UnitTest name="DemonstrationOfCreatingAccount" storage="c:\temp\csharp-craft\after\csharp-craft\craft.tests\bin\debug\craft.tests.dll" id="2ded7999-b7ab-488b-e208-59e2f21c2c44">
      <Execution id="b1dd649d-77be-45cc-ade0-b753bf62d80a" />
      <TestMethod codeBase="c:/temp/csharp-craft/after/csharp-craft/Craft.Tests/bin/Debug/Craft.Tests.DLL" adapterTypeName="Microsoft.VisualStudio.TestTools.TestTypes.Unit.UnitTestAdapter, Microsoft.VisualStudio.QualityTools.Tips.UnitTest.Adapter, Version=10.0.0.0, Culture=neutral, PublicKeyToken=b03f5f7f11d50a3a" className="Craft.Tests.AccountBuilderTests, Craft.Tests, Version=1.0.0.0, Culture=neutral, PublicKeyToken=null" name="DemonstrationOfCreatingAccount" />
    </UnitTest>
    <UnitTest name="AssignsDefaultValues" storage="c:\temp\csharp-craft\after\csharp-craft\craft.tests\bin\debug\craft.tests.dll" id="90983170-1f58-44cf-807a-5ba58d0a12f4">
      <Execution id="abc2b541-5def-487a-a5ad-e8fb6c6de54e" />
      <TestMethod codeBase="c:/temp/csharp-craft/after/csharp-craft/Craft.Tests/bin/Debug/Craft.Tests.DLL" adapterTypeName="Microsoft.VisualStudio.TestTools.TestTypes.Unit.UnitTestAdapter, Microsoft.VisualStudio.QualityTools.Tips.UnitTest.Adapter, Version=10.0.0.0, Culture=neutral, PublicKeyToken=b03f5f7f11d50a3a" className="Craft.Tests.AccountBuilderTests, Craft.Tests, Version=1.0.0.0, Culture=neutral, PublicKeyToken=null" name="AssignsDefaultValues" />
    </UnitTest>
    <UnitTest name="CanCreateAccount" storage="c:\temp\csharp-craft\after\csharp-craft\craft.tests\bin\debug\craft.tests.dll" id="7a0b0d3d-010b-7909-ec1f-80dde1cc9aca">
      <Execution id="fdd579d3-16a5-4ea0-8987-1a1472352869" />
      <TestMethod codeBase="c:/temp/csharp-craft/after/csharp-craft/Craft.Tests/bin/Debug/Craft.Tests.DLL" adapterTypeName="Microsoft.VisualStudio.TestTools.TestTypes.Unit.UnitTestAdapter, Microsoft.VisualStudio.QualityTools.Tips.UnitTest.Adapter, Version=10.0.0.0, Culture=neutral, PublicKeyToken=b03f5f7f11d50a3a" className="Craft.Tests.AccountBuilderTests, Craft.Tests, Version=1.0.0.0, Culture=neutral, PublicKeyToken=null" name="CanCreateAccount" />
    </UnitTest>
  </TestDefinitions>
  <TestLists>
    <TestList name="Results Not in a List" id="8c84fa94-04c1-424b-9868-57a2d4851a1d" />
    <TestList name="All Loaded Results" id="19431567-8539-422a-85d7-44ee4e166bda" />
  </TestLists>
  <TestEntries>
    <TestEntry testId="2ded7999-b7ab-488b-e208-59e2f21c2c44" executionId="b1dd649d-77be-45cc-ade0-b753bf62d80a" testListId="8c84fa94-04c1-424b-9868-57a2d4851a1d" />
    <TestEntry testId="7a0b0d3d-010b-7909-ec1f-80dde1cc9aca" executionId="fdd579d3-16a5-4ea0-8987-1a1472352869" testListId="8c84fa94-04c1-424b-9868-57a2d4851a1d" />
    <TestEntry testId="90983170-1f58-44cf-807a-5ba58d0a12f4" executionId="abc2b541-5def-487a-a5ad-e8fb6c6de54e" testListId="8c84fa94-04c1-424b-9868-57a2d4851a1d" />
  </TestEntries>
  <Results>
    <UnitTestResult executionId="b1dd649d-77be-45cc-ade0-b753bf62d80a" testId="2ded7999-b7ab-488b-e208-59e2f21c2c44" testName="DemonstrationOfCreatingAccount" computerName="BIT7" duration="00:00:00.0147451" startTime="2011-09-21T13:14:42.8860003-04:00" endTime="2011-09-21T13:14:43.1280003-04:00" testType="13cdc9d9-ddb5-4fa4-a97d-d965ccfc6d4b" outcome="Passed" testListId="8c84fa94-04c1-424b-9868-57a2d4851a1d" relativeResultsDirectory="b1dd649d-77be-45cc-ade0-b753bf62d80a">
    </UnitTestResult>
    <UnitTestResult executionId="fdd579d3-16a5-4ea0-8987-1a1472352869" testId="7a0b0d3d-010b-7909-ec1f-80dde1cc9aca" testName="CanCreateAccount" computerName="BIT7" duration="00:00:00.0006237" startTime="2011-09-21T13:14:43.1380003-04:00" endTime="2011-09-21T13:14:43.1420003-04:00" testType="13cdc9d9-ddb5-4fa4-a97d-d965ccfc6d4b" outcome="Passed" testListId="8c84fa94-04c1-424b-9868-57a2d4851a1d" relativeResultsDirectory="fdd579d3-16a5-4ea0-8987-1a1472352869">
    </UnitTestResult>
    <UnitTestResult executionId="abc2b541-5def-487a-a5ad-e8fb6c6de54e" testId="90983170-1f58-44cf-807a-5ba58d0a12f4" testName="AssignsDefaultValues" computerName="BIT7" duration="00:00:00.0007709" startTime="2011-09-21T13:14:43.1440003-04:00" endTime="2011-09-21T13:14:43.1470003-04:00" testType="13cdc9d9-ddb5-4fa4-a97d-d965ccfc6d4b" outcome="Passed" testListId="8c84fa94-04c1-424b-9868-57a2d4851a1d" relativeResultsDirectory="abc2b541-5def-487a-a5ad-e8fb6c6de54e">
    </UnitTestResult>
  </Results>
</TestRun>