<?xml version="1.0" encoding="UTF-8"?>
<TestRun id="4998893d-0281-4997-a783-d19db73c17a5" name="bitmask@BIT7 2011-09-21 12:58:32" runUser="bit7\bitmask" xmlns="http://microsoft.com/schemas/VisualStudio/TeamTest/2010">
  <TestSettings name="Local" id="68484c3f-a1bd-4d85-b5a1-99229b1bfaa2">
    <Description>These are default test settings for a local test run.</Description>
    <Deployment enabled="false" runDeploymentRoot="bitmask_BIT7 2011-09-21 12_58_32" />
    <Execution>
      <TestTypeSpecific />
      <AgentRule name="Execution Agents">
      </AgentRule>
    </Execution>
  </TestSettings>
  <Times creation="2011-09-21T12:58:32.6030003-04:00" queuing="2011-09-21T12:58:32.6940003-04:00" start="2011-09-21T12:58:32.7120003-04:00" finish="2011-09-21T12:58:33.0290003-04:00" />
  <ResultSummary outcome="Failed">
    <Counters total="3" executed="3" passed="2" error="0" failed="1" timeout="0" aborted="0" inconclusive="0" passedButRunAborted="0" notRunnable="0" notExecuted="0" disconnected="0" warning="0" completed="0" inProgress="0" pending="0" />
  </ResultSummary>
  <TestDefinitions>
    <UnitTest name="DemonstrationOfCreatingAccount" storage="c:\temp\csharp-craft\after\csharp-craft\craft.tests\bin\debug\craft.tests.dll" id="2ded7999-b7ab-488b-e208-59e2f21c2c44">
      <Execution id="6894ffaa-ebc5-487f-b000-a1345e4f6260" />
      <TestMethod codeBase="c:/temp/csharp-craft/after/csharp-craft/Craft.Tests/bin/Debug/Craft.Tests.DLL" adapterTypeName="Microsoft.VisualStudio.TestTools.TestTypes.Unit.UnitTestAdapter, Microsoft.VisualStudio.QualityTools.Tips.UnitTest.Adapter, Version=10.0.0.0, Culture=neutral, PublicKeyToken=b03f5f7f11d50a3a" className="Craft.Tests.AccountBuilderTests, Craft.Tests, Version=1.0.0.0, Culture=neutral, PublicKeyToken=null" name="DemonstrationOfCreatingAccount" />
    </UnitTest>
    <UnitTest name="AssignsDefaultValues" storage="c:\temp\csharp-craft\after\csharp-craft\craft.tests\bin\debug\craft.tests.dll" id="90983170-1f58-44cf-807a-5ba58d0a12f4">
      <Execution id="9bbc1728-a24c-4813-bf98-153819635da9" />
      <TestMethod codeBase="c:/temp/csharp-craft/after/csharp-craft/Craft.Tests/bin/Debug/Craft.Tests.DLL" adapterTypeName="Microsoft.VisualStudio.TestTools.TestTypes.Unit.UnitTestAdapter, Microsoft.VisualStudio.QualityTools.Tips.UnitTest.Adapter, Version=10.0.0.0, Culture=neutral, PublicKeyToken=b03f5f7f11d50a3a" className="Craft.Tests.AccountBuilderTests, Craft.Tests, Version=1.0.0.0, Culture=neutral, PublicKeyToken=null" name="AssignsDefaultValues" />
    </UnitTest>
    <UnitTest name="CanCreateAccount" storage="c:\temp\csharp-craft\after\csharp-craft\craft.tests\bin\debug\craft.tests.dll" id="7a0b0d3d-010b-7909-ec1f-80dde1cc9aca">
      <Execution id="7051ab14-e0be-4723-b911-2924eb57fc87" />
      <TestMethod codeBase="c:/temp/csharp-craft/after/csharp-craft/Craft.Tests/bin/Debug/Craft.Tests.DLL" adapterTypeName="Microsoft.VisualStudio.TestTools.TestTypes.Unit.UnitTestAdapter, Microsoft.VisualStudio.QualityTools.Tips.UnitTest.Adapter, Version=10.0.0.0, Culture=neutral, PublicKeyToken=b03f5f7f11d50a3a" className="Craft.Tests.AccountBuilderTests, Craft.Tests, Version=1.0.0.0, Culture=neutral, PublicKeyToken=null" name="CanCreateAccount" />
    </UnitTest>
  </TestDefinitions>
  <TestLists>
    <TestList name="Results Not in a List" id="8c84fa94-04c1-424b-9868-57a2d4851a1d" />
    <TestList name="All Loaded Results" id="19431567-8539-422a-85d7-44ee4e166bda" />
  </TestLists>
  <TestEntries>
    <TestEntry testId="2ded7999-b7ab-488b-e208-59e2f21c2c44" executionId="6894ffaa-ebc5-487f-b000-a1345e4f6260" testListId="8c84fa94-04c1-424b-9868-57a2d4851a1d" />
    <TestEntry testId="7a0b0d3d-010b-7909-ec1f-80dde1cc9aca" executionId="7051ab14-e0be-4723-b911-2924eb57fc87" testListId="8c84fa94-04c1-424b-9868-57a2d4851a1d" />
    <TestEntry testId="90983170-1f58-44cf-807a-5ba58d0a12f4" executionId="9bbc1728-a24c-4813-bf98-153819635da9" testListId="8c84fa94-04c1-424b-9868-57a2d4851a1d" />
  </TestEntries>
  <Results>
    <UnitTestResult executionId="6894ffaa-ebc5-487f-b000-a1345e4f6260" testId="2ded7999-b7ab-488b-e208-59e2f21c2c44" testName="DemonstrationOfCreatingAccount" computerName="BIT7" duration="00:00:00.0144234" startTime="2011-09-21T12:58:32.7180003-04:00" endTime="2011-09-21T12:58:32.9730003-04:00" testType="13cdc9d9-ddb5-4fa4-a97d-d965ccfc6d4b" outcome="Passed" testListId="8c84fa94-04c1-424b-9868-57a2d4851a1d" relativeResultsDirectory="6894ffaa-ebc5-487f-b000-a1345e4f6260">
    </UnitTestResult>
    <UnitTestResult executionId="7051ab14-e0be-4723-b911-2924eb57fc87" testId="7a0b0d3d-010b-7909-ec1f-80dde1cc9aca" testName="CanCreateAccount" computerName="BIT7" duration="00:00:00.0005422" startTime="2011-09-21T12:58:32.9740003-04:00" endTime="2011-09-21T12:58:32.9790003-04:00" testType="13cdc9d9-ddb5-4fa4-a97d-d965ccfc6d4b" outcome="Passed" testListId="8c84fa94-04c1-424b-9868-57a2d4851a1d" relativeResultsDirectory="7051ab14-e0be-4723-b911-2924eb57fc87">
    </UnitTestResult>
    <UnitTestResult executionId="9bbc1728-a24c-4813-bf98-153819635da9" testId="90983170-1f58-44cf-807a-5ba58d0a12f4" testName="AssignsDefaultValues" computerName="BIT7" duration="00:00:00.0198270" startTime="2011-09-21T12:58:32.9820003-04:00" endTime="2011-09-21T12:58:33.0070003-04:00" testType="13cdc9d9-ddb5-4fa4-a97d-d965ccfc6d4b" outcome="Failed" testListId="8c84fa94-04c1-424b-9868-57a2d4851a1d" relativeResultsDirectory="9bbc1728-a24c-4813-bf98-153819635da9">
      <Output>
        <ErrorInfo>
          <Message>Assert.IsTrue failed. </Message>
          <StackTrace>   at Craft.Tests.AccountBuilderTests.AssignsDefaultValues() in c:\temp\csharp-craft\after\csharp-craft\Craft.Tests\AccountBuilderTests.cs:line 36
</StackTrace>
        </ErrorInfo>
      </Output>
    </UnitTestResult>
  </Results>
</TestRun>