<?xml version="1.0" encoding="UTF-8"?>
<TestRun id="7837235c-5de3-4b32-b099-81f3bf7c0cc4" name="bitmask@BIT7 2011-09-21 12:59:54" runUser="bit7\bitmask" xmlns="http://microsoft.com/schemas/VisualStudio/TeamTest/2010">
  <TestSettings name="Local" id="68484c3f-a1bd-4d85-b5a1-99229b1bfaa2">
    <Description>These are default test settings for a local test run.</Description>
    <Deployment enabled="false" runDeploymentRoot="bitmask_BIT7 2011-09-21 12_59_54" />
    <Execution>
      <TestTypeSpecific />
      <AgentRule name="Execution Agents">
      </AgentRule>
    </Execution>
  </TestSettings>
  <Times creation="2011-09-21T12:59:54.3050003-04:00" queuing="2011-09-21T12:59:54.4330003-04:00" start="2011-09-21T12:59:54.4580003-04:00" finish="2011-09-21T12:59:54.7600003-04:00" />
  <ResultSummary outcome="Completed">
    <Counters total="3" executed="3" passed="3" error="0" failed="0" timeout="0" aborted="0" inconclusive="0" passedButRunAborted="0" notRunnable="0" notExecuted="0" disconnected="0" warning="0" completed="0" inProgress="0" pending="0" />
  </ResultSummary>
  <TestDefinitions>
    <UnitTest name="DemonstrationOfCreatingAccount" storage="c:\temp\csharp-craft\after\csharp-craft\craft.tests\bin\debug\craft.tests.dll" id="2ded7999-b7ab-488b-e208-59e2f21c2c44">
      <Execution id="9b950f1c-e9d1-44a9-b970-02fc59cf9dc5" />
      <TestMethod codeBase="c:/temp/csharp-craft/after/csharp-craft/Craft.Tests/bin/Debug/Craft.Tests.DLL" adapterTypeName="Microsoft.VisualStudio.TestTools.TestTypes.Unit.UnitTestAdapter, Microsoft.VisualStudio.QualityTools.Tips.UnitTest.Adapter, Version=10.0.0.0, Culture=neutral, PublicKeyToken=b03f5f7f11d50a3a" className="Craft.Tests.AccountBuilderTests, Craft.Tests, Version=1.0.0.0, Culture=neutral, PublicKeyToken=null" name="DemonstrationOfCreatingAccount" />
    </UnitTest>
    <UnitTest name="AssignsDefaultValues" storage="c:\temp\csharp-craft\after\csharp-craft\craft.tests\bin\debug\craft.tests.dll" id="90983170-1f58-44cf-807a-5ba58d0a12f4">
      <Execution id="0989da81-eccd-4422-bc61-0c93dbea3307" />
      <TestMethod codeBase="c:/temp/csharp-craft/after/csharp-craft/Craft.Tests/bin/Debug/Craft.Tests.DLL" adapterTypeName="Microsoft.VisualStudio.TestTools.TestTypes.Unit.UnitTestAdapter, Microsoft.VisualStudio.QualityTools.Tips.UnitTest.Adapter, Version=10.0.0.0, Culture=neutral, PublicKeyToken=b03f5f7f11d50a3a" className="Craft.Tests.AccountBuilderTests, Craft.Tests, Version=1.0.0.0, Culture=neutral, PublicKeyToken=null" name="AssignsDefaultValues" />
    </UnitTest>
    <UnitTest name="CanCreateAccount" storage="c:\temp\csharp-craft\after\csharp-craft\craft.tests\bin\debug\craft.tests.dll" id="7a0b0d3d-010b-7909-ec1f-80dde1cc9aca">
      <Execution id="938c388d-54db-4794-9c2d-88c7a5f2a04c" />
      <TestMethod codeBase="c:/temp/csharp-craft/after/csharp-craft/Craft.Tests/bin/Debug/Craft.Tests.DLL" adapterTypeName="Microsoft.VisualStudio.TestTools.TestTypes.Unit.UnitTestAdapter, Microsoft.VisualStudio.QualityTools.Tips.UnitTest.Adapter, Version=10.0.0.0, Culture=neutral, PublicKeyToken=b03f5f7f11d50a3a" className="Craft.Tests.AccountBuilderTests, Craft.Tests, Version=1.0.0.0, Culture=neutral, PublicKeyToken=null" name="CanCreateAccount" />
    </UnitTest>
  </TestDefinitions>
  <TestLists>
    <TestList name="Results Not in a List" id="8c84fa94-04c1-424b-9868-57a2d4851a1d" />
    <TestList name="All Loaded Results" id="19431567-8539-422a-85d7-44ee4e166bda" />
  </TestLists>
  <TestEntries>
    <TestEntry testId="2ded7999-b7ab-488b-e208-59e2f21c2c44" executionId="9b950f1c-e9d1-44a9-b970-02fc59cf9dc5" testListId="8c84fa94-04c1-424b-9868-57a2d4851a1d" />
    <TestEntry testId="7a0b0d3d-010b-7909-ec1f-80dde1cc9aca" executionId="938c388d-54db-4794-9c2d-88c7a5f2a04c" testListId="8c84fa94-04c1-424b-9868-57a2d4851a1d" />
    <TestEntry testId="90983170-1f58-44cf-807a-5ba58d0a12f4" executionId="0989da81-eccd-4422-bc61-0c93dbea3307" testListId="8c84fa94-04c1-424b-9868-57a2d4851a1d" />
  </TestEntries>
  <Results>
    <UnitTestResult executionId="9b950f1c-e9d1-44a9-b970-02fc59cf9dc5" testId="2ded7999-b7ab-488b-e208-59e2f21c2c44" testName="DemonstrationOfCreatingAccount" computerName="BIT7" duration="00:00:00.0219270" startTime="2011-09-21T12:59:54.4650003-04:00" endTime="2011-09-21T12:59:54.7270003-04:00" testType="13cdc9d9-ddb5-4fa4-a97d-d965ccfc6d4b" outcome="Passed" testListId="8c84fa94-04c1-424b-9868-57a2d4851a1d" relativeResultsDirectory="9b950f1c-e9d1-44a9-b970-02fc59cf9dc5">
    </UnitTestResult>
    <UnitTestResult executionId="938c388d-54db-4794-9c2d-88c7a5f2a04c" testId="7a0b0d3d-010b-7909-ec1f-80dde1cc9aca" testName="CanCreateAccount" computerName="BIT7" duration="00:00:00.0006707" startTime="2011-09-21T12:59:54.7300003-04:00" endTime="2011-09-21T12:59:54.7340003-04:00" testType="13cdc9d9-ddb5-4fa4-a97d-d965ccfc6d4b" outcome="Passed" testListId="8c84fa94-04c1-424b-9868-57a2d4851a1d" relativeResultsDirectory="938c388d-54db-4794-9c2d-88c7a5f2a04c">
    </UnitTestResult>
    <UnitTestResult executionId="0989da81-eccd-4422-bc61-0c93dbea3307" testId="90983170-1f58-44cf-807a-5ba58d0a12f4" testName="AssignsDefaultValues" computerName="BIT7" duration="00:00:00.0008754" startTime="2011-09-21T12:59:54.7370003-04:00" endTime="2011-09-21T12:59:54.7420003-04:00" testType="13cdc9d9-ddb5-4fa4-a97d-d965ccfc6d4b" outcome="Passed" testListId="8c84fa94-04c1-424b-9868-57a2d4851a1d" relativeResultsDirectory="0989da81-eccd-4422-bc61-0c93dbea3307">
    </UnitTestResult>
  </Results>
</TestRun>